2024.06.25 08:13:52 INFO  Started: Metals version 1.3.2 in folders 'F:\Scala-assignment\ScalaLabsheet01\labsheet02' for client Visual Studio Code 1.90.2.
SLF4J(W): Class path contains multiple SLF4J providers.
SLF4J(W): Found provider [scribe.slf4j.ScribeServiceProvider@278f8c4c]
SLF4J(W): Found provider [ch.qos.logback.classic.spi.LogbackServiceProvider@7a3d7e50]
SLF4J(W): See https://www.slf4j.org/codes.html#multiple_bindings for an explanation.
SLF4J(I): Actual provider is of type [scribe.slf4j.ScribeServiceProvider@278f8c4c]
2024.06.25 08:13:53 WARN  Flyway upgrade recommended: H2 2.2.224 is newer than this version of Flyway and support has not been tested. The latest supported version of H2 is 2.2.220.
2024.06.25 08:13:53 INFO  no build target found for F:\Scala-assignment\ScalaLabsheet01\labsheet02\Q4.scala. Using presentation compiler with project's scala-library version: 3.3.3
2024.06.25 08:13:56 INFO  no build target found for F:\Scala-assignment\ScalaLabsheet01\labsheet02\Q4.scala. Using presentation compiler with project's scala-library version: 3.3.3
2024.06.25 08:13:56 INFO  no build target found for F:\Scala-assignment\ScalaLabsheet01\labsheet02\Q4.scala. Using presentation compiler with project's scala-library version: 3.3.3
2024.06.25 08:13:56 INFO  no build target found for F:\Scala-assignment\ScalaLabsheet01\labsheet02\Q4.scala. Using presentation compiler with project's scala-library version: 3.3.3
2024.06.25 08:13:56 INFO  no build target found for F:\Scala-assignment\ScalaLabsheet01\labsheet02\Q4.scala. Using presentation compiler with project's scala-library version: 3.3.3
2024.06.25 08:13:56 INFO  no build target found for F:\Scala-assignment\ScalaLabsheet01\labsheet02\Q4.scala. Using presentation compiler with project's scala-library version: 3.3.3
2024.06.25 08:13:57 INFO  Running List(C:\Users\Asus\AppData\Local\Coursier\data\bin\scala-cli.BAT, setup-ide, F:\Scala-assignment\ScalaLabsheet01\labsheet02)
2024.06.25 08:13:57 INFO  Attempting to connect to the build server...
2024.06.25 08:13:57 INFO  Running BSP server List(C:\Users\Asus\AppData\Local\Coursier\data\bin\.scala-cli.aux.exe, bsp, --json-options, F:\Scala-assignment\ScalaLabsheet01\labsheet02\.scala-build\ide-options-v2.json, --json-launcher-options, F:\Scala-assignment\ScalaLabsheet01\labsheet02\.scala-build\ide-launcher-options.json, --envs-file, F:\Scala-assignment\ScalaLabsheet01\labsheet02\.scala-build\ide-envs.json, F:\Scala-assignment\ScalaLabsheet01\labsheet02)
2024.06.25 08:13:58 INFO  tracing is disabled for protocol BSP, to enable tracing of incoming and outgoing JSON messages create an empty file at F:\Scala-assignment\ScalaLabsheet01\labsheet02\.metals\bsp.trace.json or C:\Users\Asus\AppData\Local\scalameta\metals\cache\bsp.trace.json
2024.06.25 08:14:02 INFO  no build target found for F:\Scala-assignment\ScalaLabsheet01\labsheet02\Q4.scala. Using presentation compiler with project's scala-library version: 3.3.3
2024.06.25 08:14:02 INFO  BSP server: Starting compilation server
2024.06.25 08:14:14 INFO  time: Connected to build server in 16s
2024.06.25 08:14:14 INFO  Connected to Build server: scala-cli v1.3.2
2024.06.25 08:14:14 INFO  time: Imported build in 0.28s
2024.06.25 08:14:15 INFO  compiling labsheet02_5826b65ca0 (4 scala sources)
2024.06.25 08:14:19 INFO  time: indexed workspace in 4.22s
2024.06.25 08:14:21 INFO  time: compiled labsheet02_5826b65ca0 in 5.89s
Jun 25, 2024 8:14:22 AM org.eclipse.lsp4j.jsonrpc.RemoteEndpoint handleCancellation
WARNING: Unmatched cancel notification for request id 7
Jun 25, 2024 8:15:19 AM org.eclipse.lsp4j.jsonrpc.RemoteEndpoint handleCancellation
WARNING: Unmatched cancel notification for request id 30
Jun 25, 2024 8:31:16 AM org.eclipse.lsp4j.jsonrpc.RemoteEndpoint handleCancellation
WARNING: Unmatched cancel notification for request id 92
Jun 25, 2024 8:32:09 AM org.eclipse.lsp4j.jsonrpc.RemoteEndpoint handleCancellation
WARNING: Unmatched cancel notification for request id 111
2024.06.25 08:40:06 INFO  Shutting down server
2024.06.25 08:40:06 INFO  shutting down Metals
2024.06.25 08:40:06 INFO  Shut down connection with build server.
2024.06.25 08:40:06 INFO  Exiting server
