2024.06.18 08:33:37 INFO  Started: Metals version 1.3.1 in folders 'F:\Scala-assignment\ScalaLabsheet01' for client Visual Studio Code 1.90.1.
SLF4J(W): Class path contains multiple SLF4J providers.
SLF4J(W): Found provider [scribe.slf4j.ScribeServiceProvider@3a0c8bf5]
SLF4J(W): Found provider [ch.qos.logback.classic.spi.LogbackServiceProvider@6a6b2fc7]
SLF4J(W): See https://www.slf4j.org/codes.html#multiple_bindings for an explanation.
SLF4J(I): Actual provider is of type [scribe.slf4j.ScribeServiceProvider@3a0c8bf5]
2024.06.18 08:33:39 WARN  Flyway upgrade recommended: H2 2.2.224 is newer than this version of Flyway and support has not been tested. The latest supported version of H2 is 2.2.220.
2024.06.18 08:33:41 INFO  no build target found for F:\Scala-assignment\ScalaLabsheet01\labsheet01.scala. Using presentation compiler with project's scala-library version: 3.3.3
2024.06.18 08:33:46 INFO  Running List(C:\Users\Asus\AppData\Local\Coursier\data\bin\scala-cli.BAT, setup-ide, F:\Scala-assignment\ScalaLabsheet01)
2024.06.18 08:33:46 INFO  Attempting to connect to the build server...
2024.06.18 08:33:46 INFO  Running BSP server List(C:\Users\Asus\AppData\Local\Coursier\data\bin\.scala-cli.aux.exe, bsp, --json-options, F:\Scala-assignment\ScalaLabsheet01\.scala-build\ide-options-v2.json, --json-launcher-options, F:\Scala-assignment\ScalaLabsheet01\.scala-build\ide-launcher-options.json, --envs-file, F:\Scala-assignment\ScalaLabsheet01\.scala-build\ide-envs.json, F:\Scala-assignment\ScalaLabsheet01)
2024.06.18 08:33:46 INFO  tracing is disabled for protocol BSP, to enable tracing of incoming and outgoing JSON messages create an empty file at F:\Scala-assignment\ScalaLabsheet01\.metals\bsp.trace.json or C:\Users\Asus\AppData\Local\scalameta\metals\cache\bsp.trace.json
2024.06.18 08:33:53 INFO  BSP server: Starting compilation server
2024.06.18 08:34:03 INFO  no build target found for F:\Scala-assignment\ScalaLabsheet01\labsheet01.scala. Using presentation compiler with project's scala-library version: 3.3.3
2024.06.18 08:34:10 INFO  time: Connected to build server in 23s
2024.06.18 08:34:10 INFO  Connected to Build server: scala-cli v1.3.2
2024.06.18 08:34:10 INFO  time: Imported build in 0.35s
2024.06.18 08:34:11 INFO  compiling scalalabsheet01_5826b65ca0 (1 scala source)
2024.06.18 08:34:15 INFO  time: indexed workspace in 4.59s
2024.06.18 08:34:16 INFO  time: compiled ScalaLabsheet01_5826b65ca0 in 5.19s
2024.06.18 08:36:58 INFO  Shutting down server
2024.06.18 08:36:58 INFO  shutting down Metals
2024.06.18 08:36:58 INFO  Shut down connection with build server.
2024.06.18 08:36:58 INFO  Exiting server
2024.06.19 22:52:15 INFO  Started: Metals version 1.3.1 in folders 'F:\Scala-assignment\ScalaLabsheet01' for client Visual Studio Code 1.90.1.
SLF4J(W): Class path contains multiple SLF4J providers.
SLF4J(W): Found provider [scribe.slf4j.ScribeServiceProvider@6a8b4b21]
SLF4J(W): Found provider [ch.qos.logback.classic.spi.LogbackServiceProvider@6d869308]
SLF4J(W): See https://www.slf4j.org/codes.html#multiple_bindings for an explanation.
SLF4J(I): Actual provider is of type [scribe.slf4j.ScribeServiceProvider@6a8b4b21]
2024.06.19 22:52:16 WARN  Flyway upgrade recommended: H2 2.2.224 is newer than this version of Flyway and support has not been tested. The latest supported version of H2 is 2.2.220.
2024.06.19 22:52:17 INFO  no build target found for F:\Scala-assignment\ScalaLabsheet01\labsheet01.scala. Using presentation compiler with project's scala-library version: 3.3.3
2024.06.19 22:52:17 INFO  Attempting to connect to the build server...
2024.06.19 22:52:17 INFO  Running BSP server List(C:\Users\Asus\AppData\Local\Coursier\data\bin\.scala-cli.aux.exe, bsp, --json-options, F:\Scala-assignment\ScalaLabsheet01\.scala-build\ide-options-v2.json, --json-launcher-options, F:\Scala-assignment\ScalaLabsheet01\.scala-build\ide-launcher-options.json, --envs-file, F:\Scala-assignment\ScalaLabsheet01\.scala-build\ide-envs.json, F:\Scala-assignment\ScalaLabsheet01)
2024.06.19 22:52:17 INFO  tracing is disabled for protocol BSP, to enable tracing of incoming and outgoing JSON messages create an empty file at F:\Scala-assignment\ScalaLabsheet01\.metals\bsp.trace.json or C:\Users\Asus\AppData\Local\scalameta\metals\cache\bsp.trace.json
2024.06.19 22:52:22 INFO  BSP server: Starting compilation server
2024.06.19 22:52:36 INFO  time: Connected to build server in 19s
2024.06.19 22:52:36 INFO  Connected to Build server: scala-cli v1.3.2
2024.06.19 22:52:36 INFO  time: Imported build in 0.22s
2024.06.19 22:52:45 INFO  time: indexed workspace in 8.31s
Jun 19, 2024 10:55:21 PM org.eclipse.lsp4j.jsonrpc.RemoteEndpoint handleCancellation
WARNING: Unmatched cancel notification for request id 8
2024.06.19 22:56:20 INFO  Shutting down server
2024.06.19 22:56:20 INFO  shutting down Metals
2024.06.19 22:56:21 INFO  Shut down connection with build server.
2024.06.19 22:56:20 INFO  Exiting server
2024.06.24 13:09:12 INFO  Started: Metals version 1.3.2 in folders 'F:\Scala-assignment\ScalaLabsheet01' for client Visual Studio Code 1.90.2.
SLF4J(W): Class path contains multiple SLF4J providers.
SLF4J(W): Found provider [scribe.slf4j.ScribeServiceProvider@26a19687]
SLF4J(W): Found provider [ch.qos.logback.classic.spi.LogbackServiceProvider@147d410c]
SLF4J(W): See https://www.slf4j.org/codes.html#multiple_bindings for an explanation.
SLF4J(I): Actual provider is of type [scribe.slf4j.ScribeServiceProvider@26a19687]
2024.06.24 13:09:13 WARN  Flyway upgrade recommended: H2 2.2.224 is newer than this version of Flyway and support has not been tested. The latest supported version of H2 is 2.2.220.
2024.06.24 13:09:14 INFO  Attempting to connect to the build server...
2024.06.24 13:09:14 INFO  Running BSP server List(C:\Users\Asus\AppData\Local\Coursier\data\bin\.scala-cli.aux.exe, bsp, --json-options, F:\Scala-assignment\ScalaLabsheet01\.scala-build\ide-options-v2.json, --json-launcher-options, F:\Scala-assignment\ScalaLabsheet01\.scala-build\ide-launcher-options.json, --envs-file, F:\Scala-assignment\ScalaLabsheet01\.scala-build\ide-envs.json, F:\Scala-assignment\ScalaLabsheet01)
2024.06.24 13:09:14 INFO  tracing is disabled for protocol BSP, to enable tracing of incoming and outgoing JSON messages create an empty file at F:\Scala-assignment\ScalaLabsheet01\.metals\bsp.trace.json or C:\Users\Asus\AppData\Local\scalameta\metals\cache\bsp.trace.json
2024.06.24 13:09:17 INFO  BSP server: Starting compilation server
2024.06.24 13:09:25 INFO  time: Connected to build server in 11s
2024.06.24 13:09:25 INFO  Connected to Build server: scala-cli v1.3.2
2024.06.24 13:09:25 INFO  time: Imported build in 0.12s
2024.06.24 13:09:32 INFO  time: indexed workspace in 6.57s
2024.06.24 13:09:34 INFO  no build target found for F:\Scala-assignment\ScalaLabsheet01\.vscode\labsheet02.scala. Using presentation compiler with project's scala-library version: 3.3.3
2024.06.24 13:09:34 INFO  no build target found for F:\Scala-assignment\ScalaLabsheet01\.vscode\labsheet02.scala. Using presentation compiler with project's scala-library version: 3.3.3
2024.06.24 13:09:38 WARN  Could not find semantic tokens for: file:///F:/Scala-assignment/ScalaLabsheet01/.vscode/labsheet02.scala
2024.06.24 13:09:38 INFO  time: code lens generation in 3.59s
2024.06.24 13:09:51 INFO  no build target found for F:\Scala-assignment\ScalaLabsheet01\.vscode\labsheet02.scala. Using presentation compiler with project's scala-library version: 3.3.3
2024.06.24 13:09:51 WARN  Could not find semantic tokens for: file:///F:/Scala-assignment/ScalaLabsheet01/.vscode/labsheet02.scala
2024.06.24 13:24:12 INFO  no build target found for F:\Scala-assignment\ScalaLabsheet01\.vscode\labsheet02.scala. Using presentation compiler with project's scala-library version: 3.3.3
2024.06.24 13:24:12 WARN  Could not find semantic tokens for: file:///F:/Scala-assignment/ScalaLabsheet01/.vscode/labsheet02.scala
2024.06.24 14:25:33 INFO  Shutting down server
2024.06.24 14:25:33 INFO  shutting down Metals
2024.06.24 14:25:34 INFO  Shut down connection with build server.
2024.06.24 14:25:34 INFO  Exiting server
2024.06.24 18:22:45 INFO  Started: Metals version 1.3.2 in folders 'F:\Scala-assignment\ScalaLabsheet01' for client Visual Studio Code 1.90.2.
SLF4J(W): Class path contains multiple SLF4J providers.
SLF4J(W): Found provider [scribe.slf4j.ScribeServiceProvider@2704f5c4]
SLF4J(W): Found provider [ch.qos.logback.classic.spi.LogbackServiceProvider@2a50bdd6]
SLF4J(W): See https://www.slf4j.org/codes.html#multiple_bindings for an explanation.
SLF4J(I): Actual provider is of type [scribe.slf4j.ScribeServiceProvider@2704f5c4]
2024.06.24 18:22:46 WARN  Flyway upgrade recommended: H2 2.2.224 is newer than this version of Flyway and support has not been tested. The latest supported version of H2 is 2.2.220.
2024.06.24 18:22:47 INFO  no build target found for F:\Scala-assignment\ScalaLabsheet01\.vscode\labsheet02.scala. Using presentation compiler with project's scala-library version: 3.3.3
2024.06.24 18:22:47 INFO  Attempting to connect to the build server...
2024.06.24 18:22:47 INFO  Running BSP server List(C:\Users\Asus\AppData\Local\Coursier\data\bin\.scala-cli.aux.exe, bsp, --json-options, F:\Scala-assignment\ScalaLabsheet01\.scala-build\ide-options-v2.json, --json-launcher-options, F:\Scala-assignment\ScalaLabsheet01\.scala-build\ide-launcher-options.json, --envs-file, F:\Scala-assignment\ScalaLabsheet01\.scala-build\ide-envs.json, F:\Scala-assignment\ScalaLabsheet01)
2024.06.24 18:22:47 INFO  tracing is disabled for protocol BSP, to enable tracing of incoming and outgoing JSON messages create an empty file at F:\Scala-assignment\ScalaLabsheet01\.metals\bsp.trace.json or C:\Users\Asus\AppData\Local\scalameta\metals\cache\bsp.trace.json
2024.06.24 18:22:51 WARN  Could not find semantic tokens for: file:///F:/Scala-assignment/ScalaLabsheet01/.vscode/labsheet02.scala
2024.06.24 18:22:51 INFO  BSP server: Starting compilation server
2024.06.24 18:23:02 INFO  time: Connected to build server in 15s
2024.06.24 18:23:02 INFO  Connected to Build server: scala-cli v1.3.2
2024.06.24 18:23:02 INFO  time: Imported build in 0.13s
2024.06.24 18:23:05 INFO  time: indexed workspace in 2.49s
2024.06.24 18:23:05 WARN  no build target for: F:\Scala-assignment\ScalaLabsheet01\.vscode\labsheet02.scala
2024.06.24 18:23:05 INFO  no build target found for F:\Scala-assignment\ScalaLabsheet01\.vscode\labsheet02.scala. Using presentation compiler with project's scala-library version: 3.3.3
2024.06.24 18:23:05 INFO  no build target found for F:\Scala-assignment\ScalaLabsheet01\.vscode\labsheet02.scala. Using presentation compiler with project's scala-library version: 3.3.3
2024.06.24 18:23:05 WARN  Could not find semantic tokens for: file:///F:/Scala-assignment/ScalaLabsheet01/.vscode/labsheet02.scala
2024.06.24 18:23:36 INFO  Shutting down server
2024.06.24 18:23:36 INFO  shutting down Metals
2024.06.24 18:23:36 INFO  Shut down connection with build server.
2024.06.24 18:23:36 INFO  Exiting server
